Started at Wed Aug 07 15:21:38 UTC 2024
Processing 0_pipeline_manager
Offering 0_pipeline_manager to Project Build Discarder
Processing 1_spell_check
Offering 1_spell_check to Project Build Discarder
Processing 2_codespell_and_shellcheck
Offering 2_codespell_and_shellcheck to Project Build Discarder
2_codespell_and_shellcheck accepted by Project Build Discarder
Processing 3_tests
Offering 3_tests to Project Build Discarder
Processing 4_build
Offering 4_build to Project Build Discarder
Finished at Wed Aug 07 15:21:38 UTC 2024. 14ms
Started at Wed Aug 07 16:21:38 UTC 2024
Processing 0_pipeline_manager
Offering 0_pipeline_manager to Project Build Discarder
Processing 1_spell_check
Offering 1_spell_check to Project Build Discarder
Processing 2_codespell_and_shellcheck
Offering 2_codespell_and_shellcheck to Project Build Discarder
2_codespell_and_shellcheck accepted by Project Build Discarder
Processing 3_tests
Offering 3_tests to Project Build Discarder
Processing 4_build
Offering 4_build to Project Build Discarder
Finished at Wed Aug 07 16:21:38 UTC 2024. 1ms
Started at Wed Aug 07 17:21:38 UTC 2024
Processing 0_pipeline_manager
Offering 0_pipeline_manager to Project Build Discarder
Processing 1_spell_check
Offering 1_spell_check to Project Build Discarder
Processing 2_codespell_and_shellcheck
Offering 2_codespell_and_shellcheck to Project Build Discarder
2_codespell_and_shellcheck accepted by Project Build Discarder
Processing 3_tests
Offering 3_tests to Project Build Discarder
Processing 4_build
Offering 4_build to Project Build Discarder
Finished at Wed Aug 07 17:21:38 UTC 2024. 1ms
Started at Wed Aug 07 18:21:38 UTC 2024
Processing 0_pipeline_manager
Offering 0_pipeline_manager to Project Build Discarder
Processing 1_spell_check
Offering 1_spell_check to Project Build Discarder
Processing 2_codespell_and_shellcheck
Offering 2_codespell_and_shellcheck to Project Build Discarder
2_codespell_and_shellcheck accepted by Project Build Discarder
Processing 3_tests
Offering 3_tests to Project Build Discarder
Processing 4_build
Offering 4_build to Project Build Discarder
Finished at Wed Aug 07 18:21:38 UTC 2024. 0ms
